Sections:
section seg0 (attr=<acrwx> align=2):
       0: opts: cpu types: m68000
       0: opts: fpu id 1 (f2xx)
       0: opts: small data is disabled
       0: opts: optimizations enabled
       0: opts: opt generic (1)
       0: opts: opt movem (0)
       0: opts: opt pea (0)
       0: opts: opt clr (0)
       0: opts: opt st (0)
       0: opts: opt lsl (0)
       0: opts: opt mul (0)
       0: opts: opt div (0)
       0: opts: opt float const (1)
       0: opts: opt branch to jump (0)
       0: opts: opt jump to longbranch (0)
       0: opts: opt pc-relative (1)
       0: opts: opt branch (1)
       0: opts: opt displacement (1)
       0: opts: opt absolute (1)
       0: opts: opt moveq (1)
       0: opts: opt neg.moveq (0)
       0: opts: opt quick (1)
       0: opts: opt branch to nop (1)
       0: opts: opt base disp (1)
       0: opts: opt outer disp (1)
       0: opts: opt adda/subq to lea (1)
       0: opts: opt lea to addq/subq (1)
       0: opts: opt immediate areg (1)
       0: opts: opt for speed (0)
       0: opts: opt for size (0)
       0: opts: opt small code (0)
       0: opts: opt small data (0)
       0: opts: warn about optimizations (0)
       0: opts: PIC check (0)
       0: opts: type and range checks (1)
       0: opts: hide all warnings (0)
       0: data(4): 00 09 00 00 
       4: data(4): 00 00 10 00 
       8: data(4): 00 00 08 00 
       c: space(4084,fill=00)
    1000: data(2): 4e 75 
    1002: symbol: INIT_UART EXPR(4098=0x1002) UNUSED ABS 
    1002: data(8): 13 f8 00 00 00 0f 80 0a 
    100a: data(8): 13 f8 00 00 00 0f 80 1a 
    1012: data(8): 13 f8 00 ff 00 0f 80 00 rabs(4,0-31,0xffffffff,0xf8000,PERP_SOP_CMD IMP REF ) 
    101a: data(8): 13 f8 00 15 00 1f 00 04 
    1022: data(8): 13 f8 00 53 00 1f 00 00 
    102a: data(8): 13 f8 00 53 00 1f 00 00 
    1032: data(8): 13 f8 00 c0 00 0f 80 00 rabs(4,0-31,0xffffffff,0xf8000,REG_CRSA IMP REF ) 
    103a: data(8): 13 f8 00 30 00 0f 80 08 
    1042: data(8): 13 f8 00 c0 00 0f 80 0a 
Symbols:
REG_CRSA IMP REF 
PERP_SOP_CMD IMP REF 
INIT_UART EXPR(4098=0x1002) UNUSED ABS 
GEN_V EXPR(2048=0x800) 
RESET_V EXPR(4096=0x1000) 
INIT_SP EXPR(589824=0x90000) 
REG_ROP_CMD EXPR(30=0x1e) UNUSED 
REG_STOP_CMD EXPR(30=0x1e) UNUSED 
REG_SOP_CMD EXPR(28=0x1c) UNUSED 
REG_STRT_CMD EXPR(28=0x1c) UNUSED 
REG_OPCR EXPR(26=0x1a) 
REG_INP EXPR(26=0x1a) UNUSED 
REG_IVR EXPR(24=0x18) UNUSED 
REG_THRB EXPR(22=0x16) UNUSED 
REG_RHRB EXPR(22=0x16) UNUSED 
REG_CRB EXPR(20=0x14) UNUSED 
REG_CKDV EXPR(20=0x14) UNUSED 
REG_CSRB EXPR(18=0x12) UNUSED 
REG_SRB EXPR(18=0x12) UNUSED 
REG_MRB EXPR(16=0x10) UNUSED 
REG_CTLR EXPR(14=0xe) UNUSED 
REG_CTL EXPR(14=0xe) UNUSED 
REG_CRUR EXPR(12=0xc) UNUSED 
REG_CTU EXPR(12=0xc) UNUSED 
REG_IMR EXPR(10=0xa) 
REG_ISR EXPR(10=0xa) UNUSED 
REG_ACR EXPR(8=0x8) 
REG_IPCR EXPR(8=0x8) UNUSED 
REG_THRA EXPR(6=0x6) UNUSED 
REG_RHRA EXPR(6=0x6) UNUSED 
REG_CRA EXPR(1015812=0xf8004) 
REG_BRG EXPR(1015812=0xf8004) UNUSED 
REG_CSRA EXPR(1015810=0xf8002) UNUSED 
REG_SRA EXPR(1015810=0xf8002) UNUSED 
REG_MRA EXPR(1015808=0xf8000) 
PERP_BASE EXPR(1015808=0xf8000) 
_MOVEMBYTES EXPR(0=0x0) INTERNAL 
 MOVEMSIZE EXPR(0=0x0) INTERNAL 
_MOVEMREGS EXPR(0=0x0) INTERNAL 
__VASM EXPR(1=0x1) INTERNAL 
__UNIXFS EXPR(0=0x0) INTERNAL 
